<?xml version="1.0" encoding="UTF-8"?>
<coverage generated="1742879406058" clover="3.2.0">
  <project timestamp="1742879406059" name="All files">
    <metrics statements="65" coveredstatements="62" conditionals="16" coveredconditionals="11" methods="25" coveredmethods="23" elements="106" coveredelements="96" complexity="0" loc="65" ncloc="65" packages="2" files="6" classes="6"/>
    <package name="components">
      <metrics statements="64" coveredstatements="61" conditionals="16" coveredconditionals="11" methods="25" coveredmethods="23"/>
      <file name="Body.js" path="D:\Abhishek\React\src\components\Body.js">
        <metrics statements="25" coveredstatements="23" conditionals="6" coveredconditionals="5" methods="10" coveredmethods="9"/>
        <line num="10" count="1" type="stmt"/>
        <line num="12" count="7" type="stmt"/>
        <line num="13" count="7" type="stmt"/>
        <line num="15" count="7" type="stmt"/>
        <line num="17" count="7" type="stmt"/>
        <line num="19" count="7" type="stmt"/>
        <line num="21" count="7" type="stmt"/>
        <line num="22" count="2" type="stmt"/>
        <line num="23" count="2" type="stmt"/>
        <line num="24" count="2" type="stmt"/>
        <line num="25" count="2" type="stmt"/>
        <line num="29" count="7" type="stmt"/>
        <line num="30" count="2" type="stmt"/>
        <line num="33" count="7" type="cond" truecount="1" falsecount="1"/>
        <line num="34" count="0" type="stmt"/>
        <line num="38" count="7" type="stmt"/>
        <line num="40" count="7" type="cond" truecount="2" falsecount="0"/>
        <line num="45" count="1" type="stmt"/>
        <line num="48" count="1" type="stmt"/>
        <line num="49" count="20" type="stmt"/>
        <line num="51" count="1" type="stmt"/>
        <line num="58" count="20" type="stmt"/>
        <line num="59" count="1" type="stmt"/>
        <line num="65" count="0" type="stmt"/>
        <line num="70" count="67" type="stmt"/>
      </file>
      <file name="CategoryItemList.js" path="D:\Abhishek\React\src\components\CategoryItemList.js">
        <metrics statements="8" coveredstatements="8" conditionals="2" coveredconditionals="1" methods="4" coveredmethods="4"/>
        <line num="5" count="1" type="stmt"/>
        <line num="7" count="1" type="stmt"/>
        <line num="9" count="1" type="stmt"/>
        <line num="11" count="1" type="stmt"/>
        <line num="12" count="2" type="stmt"/>
        <line num="15" count="1" type="stmt"/>
        <line num="18" count="6" type="stmt"/>
        <line num="30" count="2" type="stmt"/>
      </file>
      <file name="Header.js" path="D:\Abhishek\React\src\components\Header.js">
        <metrics statements="8" coveredstatements="7" conditionals="4" coveredconditionals="1" methods="4" coveredmethods="3"/>
        <line num="8" count="1" type="stmt"/>
        <line num="9" count="3" type="stmt"/>
        <line num="11" count="3" type="stmt"/>
        <line num="13" count="3" type="stmt"/>
        <line num="15" count="6" type="stmt"/>
        <line num="17" count="3" type="stmt"/>
        <line num="20" count="3" type="stmt"/>
        <line num="50" count="0" type="cond" truecount="0" falsecount="2"/>
      </file>
      <file name="RestaurantCard.js" path="D:\Abhishek\React\src\components\RestaurantCard.js">
        <metrics statements="9" coveredstatements="9" conditionals="0" coveredconditionals="0" methods="3" coveredmethods="3"/>
        <line num="5" count="2" type="stmt"/>
        <line num="6" count="69" type="stmt"/>
        <line num="13" count="69" type="stmt"/>
        <line num="15" count="69" type="stmt"/>
        <line num="17" count="69" type="stmt"/>
        <line num="19" count="69" type="stmt"/>
        <line num="32" count="2" type="stmt"/>
        <line num="33" count="8" type="stmt"/>
        <line num="34" count="21" type="stmt"/>
      </file>
      <file name="RestaurantMenu.js" path="D:\Abhishek\React\src\components\RestaurantMenu.js">
        <metrics statements="14" coveredstatements="14" conditionals="4" coveredconditionals="4" methods="4" coveredmethods="4"/>
        <line num="7" count="1" type="stmt"/>
        <line num="8" count="3" type="stmt"/>
        <line num="10" count="3" type="stmt"/>
        <line num="12" count="3" type="stmt"/>
        <line num="14" count="3" type="stmt"/>
        <line num="16" count="3" type="cond" truecount="2" falsecount="0"/>
        <line num="17" count="1" type="stmt"/>
        <line num="19" count="2" type="stmt"/>
        <line num="21" count="2" type="stmt"/>
        <line num="24" count="34" type="stmt"/>
        <line num="25" count="2" type="stmt"/>
        <line num="27" count="2" type="stmt"/>
        <line num="32" count="6" type="stmt"/>
        <line num="33" count="1" type="cond" truecount="2" falsecount="0"/>
      </file>
    </package>
    <package name="utils">
      <metrics statements="1" coveredstatements="1" conditionals="0" coveredconditionals="0" methods="0" coveredmethods="0"/>
      <file name="appStore.js" path="D:\Abhishek\React\src\utils\appStore.js">
        <metrics statements="1" coveredstatements="1" conditionals="0" coveredconditionals="0" methods="0" coveredmethods="0"/>
        <line num="4" count="1" type="stmt"/>
      </file>
    </package>
  </project>
</coverage>
