{"D:\\Abhishek\\React\\src\\components\\Body.js": {"path":"D:\\Abhishek\\React\\src\\components\\Body.js","statementMap":{"0":{"start":{"line":10,"column":11},"end":{"line":84,"column":1}},"1":{"start":{"line":12,"column":52},"end":{"line":12,"column":64}},"2":{"start":{"line":13,"column":70},"end":{"line":13,"column":82}},"3":{"start":{"line":15,"column":25},"end":{"line":15,"column":42}},"4":{"start":{"line":17,"column":31},"end":{"line":17,"column":64}},"5":{"start":{"line":19,"column":37},"end":{"line":19,"column":49}},"6":{"start":{"line":21,"column":22},"end":{"line":26,"column":5}},"7":{"start":{"line":22,"column":21},"end":{"line":22,"column":49}},"8":{"start":{"line":23,"column":21},"end":{"line":23,"column":38}},"9":{"start":{"line":24,"column":8},"end":{"line":24,"column":105}},"10":{"start":{"line":25,"column":8},"end":{"line":25,"column":113}},"11":{"start":{"line":29,"column":4},"end":{"line":31,"column":11}},"12":{"start":{"line":30,"column":8},"end":{"line":30,"column":20}},"13":{"start":{"line":33,"column":4},"end":{"line":36,"column":10}},"14":{"start":{"line":34,"column":8},"end":{"line":36,"column":10}},"15":{"start":{"line":38,"column":40},"end":{"line":38,"column":63}},"16":{"start":{"line":40,"column":4},"end":{"line":83,"column":6}},"17":{"start":{"line":45,"column":24},"end":{"line":45,"column":54}},"18":{"start":{"line":48,"column":46},"end":{"line":50,"column":25}},"19":{"start":{"line":49,"column":37},"end":{"line":49,"column":99}},"20":{"start":{"line":51,"column":24},"end":{"line":51,"column":70}},"21":{"start":{"line":58,"column":47},"end":{"line":58,"column":104}},"22":{"start":{"line":58,"column":81},"end":{"line":58,"column":103}},"23":{"start":{"line":59,"column":28},"end":{"line":59,"column":71}},"24":{"start":{"line":65,"column":106},"end":{"line":65,"column":133}},"25":{"start":{"line":70,"column":20},"end":{"line":78,"column":27}}},"fnMap":{"0":{"name":"(anonymous_0)","decl":{"start":{"line":10,"column":11},"end":{"line":10,"column":12}},"loc":{"start":{"line":10,"column":17},"end":{"line":84,"column":1}},"line":10},"1":{"name":"(anonymous_1)","decl":{"start":{"line":21,"column":22},"end":{"line":21,"column":23}},"loc":{"start":{"line":21,"column":34},"end":{"line":26,"column":5}},"line":21},"2":{"name":"(anonymous_2)","decl":{"start":{"line":29,"column":14},"end":{"line":29,"column":15}},"loc":{"start":{"line":29,"column":20},"end":{"line":31,"column":5}},"line":29},"3":{"name":"(anonymous_3)","decl":{"start":{"line":44,"column":139},"end":{"line":44,"column":140}},"loc":{"start":{"line":44,"column":146},"end":{"line":46,"column":21}},"line":44},"4":{"name":"(anonymous_4)","decl":{"start":{"line":47,"column":108},"end":{"line":47,"column":109}},"loc":{"start":{"line":47,"column":114},"end":{"line":52,"column":21}},"line":47},"5":{"name":"(anonymous_5)","decl":{"start":{"line":49,"column":28},"end":{"line":49,"column":29}},"loc":{"start":{"line":49,"column":37},"end":{"line":49,"column":99}},"line":49},"6":{"name":"(anonymous_6)","decl":{"start":{"line":56,"column":99},"end":{"line":56,"column":100}},"loc":{"start":{"line":57,"column":24},"end":{"line":60,"column":25}},"line":57},"7":{"name":"(anonymous_7)","decl":{"start":{"line":58,"column":72},"end":{"line":58,"column":73}},"loc":{"start":{"line":58,"column":81},"end":{"line":58,"column":103}},"line":58},"8":{"name":"(anonymous_8)","decl":{"start":{"line":65,"column":98},"end":{"line":65,"column":99}},"loc":{"start":{"line":65,"column":105},"end":{"line":65,"column":134}},"line":65},"9":{"name":"(anonymous_9)","decl":{"start":{"line":69,"column":47},"end":{"line":69,"column":48}},"loc":{"start":{"line":70,"column":20},"end":{"line":78,"column":27}},"line":70}},"branchMap":{"0":{"loc":{"start":{"line":33,"column":4},"end":{"line":36,"column":10}},"type":"if","locations":[{"start":{"line":33,"column":4},"end":{"line":36,"column":10}},{"start":{},"end":{}}],"line":33},"1":{"loc":{"start":{"line":40,"column":11},"end":{"line":83,"column":5}},"type":"cond-expr","locations":[{"start":{"line":40,"column":43},"end":{"line":40,"column":54}},{"start":{"line":41,"column":8},"end":{"line":82,"column":14}}],"line":40},"2":{"loc":{"start":{"line":72,"column":28},"end":{"line":76,"column":29}},"type":"cond-expr","locations":[{"start":{"line":73,"column":32},"end":{"line":73,"column":75}},{"start":{"line":75,"column":32},"end":{"line":75,"column":71}}],"line":72}},"s":{"0":1,"1":7,"2":7,"3":7,"4":7,"5":7,"6":7,"7":2,"8":2,"9":2,"10":2,"11":7,"12":2,"13":7,"14":0,"15":7,"16":7,"17":1,"18":1,"19":20,"20":1,"21":1,"22":20,"23":1,"24":0,"25":67},"f":{"0":7,"1":2,"2":2,"3":1,"4":1,"5":20,"6":1,"7":20,"8":0,"9":67},"b":{"0":[0,7],"1":[2,5],"2":[20,47]},"_coverageSchema":"1a1c01bbd47fc00a2c39e90264f33305004495a9","hash":"038f5c46e678850a101f1a73e1953e1f91bb68e7"}
,"D:\\Abhishek\\React\\src\\components\\CategoryItemList.js": {"path":"D:\\Abhishek\\React\\src\\components\\CategoryItemList.js","statementMap":{"0":{"start":{"line":5,"column":25},"end":{"line":37,"column":1}},"1":{"start":{"line":7,"column":0},"end":{"line":7,"column":19}},"2":{"start":{"line":9,"column":18},"end":{"line":9,"column":31}},"3":{"start":{"line":11,"column":22},"end":{"line":13,"column":1}},"4":{"start":{"line":12,"column":4},"end":{"line":12,"column":28}},"5":{"start":{"line":15,"column":4},"end":{"line":36,"column":6}},"6":{"start":{"line":18,"column":20},"end":{"line":32,"column":26}},"7":{"start":{"line":30,"column":135},"end":{"line":30,"column":154}}},"fnMap":{"0":{"name":"(anonymous_0)","decl":{"start":{"line":5,"column":25},"end":{"line":5,"column":26}},"loc":{"start":{"line":5,"column":45},"end":{"line":37,"column":1}},"line":5},"1":{"name":"(anonymous_1)","decl":{"start":{"line":11,"column":22},"end":{"line":11,"column":23}},"loc":{"start":{"line":11,"column":32},"end":{"line":13,"column":1}},"line":11},"2":{"name":"(anonymous_2)","decl":{"start":{"line":17,"column":23},"end":{"line":17,"column":24}},"loc":{"start":{"line":18,"column":20},"end":{"line":32,"column":26}},"line":18},"3":{"name":"(anonymous_3)","decl":{"start":{"line":30,"column":129},"end":{"line":30,"column":130}},"loc":{"start":{"line":30,"column":135},"end":{"line":30,"column":154}},"line":30}},"branchMap":{"0":{"loc":{"start":{"line":22,"column":44},"end":{"line":22,"column":131}},"type":"cond-expr","locations":[{"start":{"line":22,"column":69},"end":{"line":22,"column":96}},{"start":{"line":22,"column":97},"end":{"line":22,"column":131}}],"line":22}},"s":{"0":1,"1":1,"2":1,"3":1,"4":2,"5":1,"6":6,"7":2},"f":{"0":1,"1":2,"2":6,"3":2},"b":{"0":[6,0]},"_coverageSchema":"1a1c01bbd47fc00a2c39e90264f33305004495a9","hash":"d13ce7118ca2e733853ab4d4588feae9e5ec90e6"}
,"D:\\Abhishek\\React\\src\\components\\Header.js": {"path":"D:\\Abhishek\\React\\src\\components\\Header.js","statementMap":{"0":{"start":{"line":8,"column":13},"end":{"line":57,"column":1}},"1":{"start":{"line":9,"column":34},"end":{"line":9,"column":51}},"2":{"start":{"line":11,"column":25},"end":{"line":11,"column":42}},"3":{"start":{"line":13,"column":27},"end":{"line":13,"column":50}},"4":{"start":{"line":15,"column":22},"end":{"line":15,"column":62}},"5":{"start":{"line":15,"column":45},"end":{"line":15,"column":61}},"6":{"start":{"line":17,"column":4},"end":{"line":18,"column":17}},"7":{"start":{"line":20,"column":4},"end":{"line":56,"column":6}},"8":{"start":{"line":50,"column":28},"end":{"line":50,"column":91}}},"fnMap":{"0":{"name":"(anonymous_0)","decl":{"start":{"line":8,"column":13},"end":{"line":8,"column":14}},"loc":{"start":{"line":8,"column":19},"end":{"line":57,"column":1}},"line":8},"1":{"name":"(anonymous_1)","decl":{"start":{"line":15,"column":34},"end":{"line":15,"column":35}},"loc":{"start":{"line":15,"column":45},"end":{"line":15,"column":61}},"line":15},"2":{"name":"(anonymous_2)","decl":{"start":{"line":17,"column":15},"end":{"line":17,"column":16}},"loc":{"start":{"line":17,"column":21},"end":{"line":18,"column":5}},"line":17},"3":{"name":"(anonymous_3)","decl":{"start":{"line":49,"column":54},"end":{"line":49,"column":55}},"loc":{"start":{"line":49,"column":59},"end":{"line":51,"column":25}},"line":49}},"branchMap":{"0":{"loc":{"start":{"line":28,"column":39},"end":{"line":28,"column":61}},"type":"cond-expr","locations":[{"start":{"line":28,"column":52},"end":{"line":28,"column":56}},{"start":{"line":28,"column":57},"end":{"line":28,"column":61}}],"line":28},"1":{"loc":{"start":{"line":50,"column":28},"end":{"line":50,"column":90}},"type":"cond-expr","locations":[{"start":{"line":50,"column":48},"end":{"line":50,"column":68}},{"start":{"line":50,"column":71},"end":{"line":50,"column":90}}],"line":50}},"s":{"0":1,"1":3,"2":3,"3":3,"4":3,"5":6,"6":3,"7":3,"8":0},"f":{"0":3,"1":6,"2":1,"3":0},"b":{"0":[3,0],"1":[0,0]},"_coverageSchema":"1a1c01bbd47fc00a2c39e90264f33305004495a9","hash":"54cd439687030f7c52cf21c285d7ca1a831174f4"}
,"D:\\Abhishek\\React\\src\\components\\RestaurantCard.js": {"path":"D:\\Abhishek\\React\\src\\components\\RestaurantCard.js","statementMap":{"0":{"start":{"line":5,"column":23},"end":{"line":30,"column":1}},"1":{"start":{"line":6,"column":21},"end":{"line":6,"column":26}},"2":{"start":{"line":13,"column":8},"end":{"line":13,"column":21}},"3":{"start":{"line":15,"column":27},"end":{"line":15,"column":45}},"4":{"start":{"line":17,"column":27},"end":{"line":17,"column":50}},"5":{"start":{"line":19,"column":4},"end":{"line":29,"column":6}},"6":{"start":{"line":32,"column":33},"end":{"line":41,"column":1}},"7":{"start":{"line":33,"column":4},"end":{"line":40,"column":6}},"8":{"start":{"line":34,"column":8},"end":{"line":39,"column":10}}},"fnMap":{"0":{"name":"(anonymous_0)","decl":{"start":{"line":5,"column":23},"end":{"line":5,"column":24}},"loc":{"start":{"line":5,"column":34},"end":{"line":30,"column":1}},"line":5},"1":{"name":"(anonymous_1)","decl":{"start":{"line":32,"column":33},"end":{"line":32,"column":34}},"loc":{"start":{"line":32,"column":53},"end":{"line":41,"column":1}},"line":32},"2":{"name":"(anonymous_2)","decl":{"start":{"line":33,"column":11},"end":{"line":33,"column":12}},"loc":{"start":{"line":33,"column":22},"end":{"line":40,"column":5}},"line":33}},"branchMap":{},"s":{"0":2,"1":69,"2":69,"3":69,"4":69,"5":69,"6":2,"7":8,"8":21},"f":{"0":69,"1":8,"2":21},"b":{},"_coverageSchema":"1a1c01bbd47fc00a2c39e90264f33305004495a9","hash":"4566816d352f5088e75fb90a616766d4a61f9547"}
,"D:\\Abhishek\\React\\src\\components\\RestaurantMenu.js": {"path":"D:\\Abhishek\\React\\src\\components\\RestaurantMenu.js","statementMap":{"0":{"start":{"line":7,"column":23},"end":{"line":37,"column":1}},"1":{"start":{"line":8,"column":20},"end":{"line":8,"column":31}},"2":{"start":{"line":10,"column":16},"end":{"line":10,"column":28}},"3":{"start":{"line":12,"column":27},"end":{"line":12,"column":51}},"4":{"start":{"line":14,"column":38},"end":{"line":14,"column":52}},"5":{"start":{"line":16,"column":4},"end":{"line":17,"column":27}},"6":{"start":{"line":17,"column":8},"end":{"line":17,"column":27}},"7":{"start":{"line":19,"column":48},"end":{"line":19,"column":90}},"8":{"start":{"line":21,"column":24},"end":{"line":21,"column":106}},"9":{"start":{"line":24,"column":23},"end":{"line":24,"column":191}},"10":{"start":{"line":24,"column":103},"end":{"line":24,"column":190}},"11":{"start":{"line":25,"column":4},"end":{"line":25,"column":28}},"12":{"start":{"line":27,"column":4},"end":{"line":36,"column":6}},"13":{"start":{"line":32,"column":16},"end":{"line":33,"column":114}},"14":{"start":{"line":33,"column":78},"end":{"line":33,"column":97}}},"fnMap":{"0":{"name":"(anonymous_0)","decl":{"start":{"line":7,"column":23},"end":{"line":7,"column":24}},"loc":{"start":{"line":7,"column":29},"end":{"line":37,"column":1}},"line":7},"1":{"name":"(anonymous_1)","decl":{"start":{"line":24,"column":98},"end":{"line":24,"column":99}},"loc":{"start":{"line":24,"column":103},"end":{"line":24,"column":190}},"line":24},"2":{"name":"(anonymous_2)","decl":{"start":{"line":31,"column":28},"end":{"line":31,"column":29}},"loc":{"start":{"line":32,"column":16},"end":{"line":33,"column":114}},"line":32},"3":{"name":"(anonymous_3)","decl":{"start":{"line":33,"column":72},"end":{"line":33,"column":73}},"loc":{"start":{"line":33,"column":78},"end":{"line":33,"column":97}},"line":33}},"branchMap":{"0":{"loc":{"start":{"line":16,"column":4},"end":{"line":17,"column":27}},"type":"if","locations":[{"start":{"line":16,"column":4},"end":{"line":17,"column":27}},{"start":{},"end":{}}],"line":16},"1":{"loc":{"start":{"line":33,"column":27},"end":{"line":33,"column":56}},"type":"cond-expr","locations":[{"start":{"line":33,"column":46},"end":{"line":33,"column":50}},{"start":{"line":33,"column":51},"end":{"line":33,"column":56}}],"line":33}},"s":{"0":1,"1":3,"2":3,"3":3,"4":3,"5":3,"6":1,"7":2,"8":2,"9":2,"10":34,"11":2,"12":2,"13":6,"14":1},"f":{"0":3,"1":34,"2":6,"3":1},"b":{"0":[1,2],"1":[1,5]},"_coverageSchema":"1a1c01bbd47fc00a2c39e90264f33305004495a9","hash":"3ac46f90cb59af82c7d3c372773c5dbd80810bbe"}
,"D:\\Abhishek\\React\\src\\utils\\appStore.js": {"path":"D:\\Abhishek\\React\\src\\utils\\appStore.js","statementMap":{"0":{"start":{"line":4,"column":17},"end":{"line":8,"column":2}}},"fnMap":{},"branchMap":{},"s":{"0":1},"f":{},"b":{},"_coverageSchema":"1a1c01bbd47fc00a2c39e90264f33305004495a9","hash":"25a9f1f0a18f369101d31be303ee722d6569a292"}
}
