TN:
SF:src\components\Body.js
FN:10,(anonymous_0)
FN:21,(anonymous_1)
FN:29,(anonymous_2)
FN:44,(anonymous_3)
FN:47,(anonymous_4)
FN:49,(anonymous_5)
FN:56,(anonymous_6)
FN:58,(anonymous_7)
FN:65,(anonymous_8)
FN:69,(anonymous_9)
FNF:10
FNH:9
FNDA:7,(anonymous_0)
FNDA:2,(anonymous_1)
FNDA:2,(anonymous_2)
FNDA:1,(anonymous_3)
FNDA:1,(anonymous_4)
FNDA:20,(anonymous_5)
FNDA:1,(anonymous_6)
FNDA:20,(anonymous_7)
FNDA:0,(anonymous_8)
FNDA:67,(anonymous_9)
DA:10,1
DA:12,7
DA:13,7
DA:15,7
DA:17,7
DA:19,7
DA:21,7
DA:22,2
DA:23,2
DA:24,2
DA:25,2
DA:29,7
DA:30,2
DA:33,7
DA:34,0
DA:38,7
DA:40,7
DA:45,1
DA:48,1
DA:49,20
DA:51,1
DA:58,20
DA:59,1
DA:65,0
DA:70,67
LF:25
LH:23
BRDA:33,0,0,0
BRDA:33,0,1,7
BRDA:40,1,0,2
BRDA:40,1,1,5
BRDA:72,2,0,20
BRDA:72,2,1,47
BRF:6
BRH:5
end_of_record
TN:
SF:src\components\CategoryItemList.js
FN:5,(anonymous_0)
FN:11,(anonymous_1)
FN:17,(anonymous_2)
FN:30,(anonymous_3)
FNF:4
FNH:4
FNDA:1,(anonymous_0)
FNDA:2,(anonymous_1)
FNDA:6,(anonymous_2)
FNDA:2,(anonymous_3)
DA:5,1
DA:7,1
DA:9,1
DA:11,1
DA:12,2
DA:15,1
DA:18,6
DA:30,2
LF:8
LH:8
BRDA:22,0,0,6
BRDA:22,0,1,0
BRF:2
BRH:1
end_of_record
TN:
SF:src\components\Header.js
FN:8,(anonymous_0)
FN:15,(anonymous_1)
FN:17,(anonymous_2)
FN:49,(anonymous_3)
FNF:4
FNH:3
FNDA:3,(anonymous_0)
FNDA:6,(anonymous_1)
FNDA:1,(anonymous_2)
FNDA:0,(anonymous_3)
DA:8,1
DA:9,3
DA:11,3
DA:13,3
DA:15,6
DA:17,3
DA:20,3
DA:50,0
LF:8
LH:7
BRDA:28,0,0,3
BRDA:28,0,1,0
BRDA:50,1,0,0
BRDA:50,1,1,0
BRF:4
BRH:1
end_of_record
TN:
SF:src\components\RestaurantCard.js
FN:5,(anonymous_0)
FN:32,(anonymous_1)
FN:33,(anonymous_2)
FNF:3
FNH:3
FNDA:69,(anonymous_0)
FNDA:8,(anonymous_1)
FNDA:21,(anonymous_2)
DA:5,2
DA:6,69
DA:13,69
DA:15,69
DA:17,69
DA:19,69
DA:32,2
DA:33,8
DA:34,21
LF:9
LH:9
BRF:0
BRH:0
end_of_record
TN:
SF:src\components\RestaurantMenu.js
FN:7,(anonymous_0)
FN:24,(anonymous_1)
FN:31,(anonymous_2)
FN:33,(anonymous_3)
FNF:4
FNH:4
FNDA:3,(anonymous_0)
FNDA:34,(anonymous_1)
FNDA:6,(anonymous_2)
FNDA:1,(anonymous_3)
DA:7,1
DA:8,3
DA:10,3
DA:12,3
DA:14,3
DA:16,3
DA:17,1
DA:19,2
DA:21,2
DA:24,34
DA:25,2
DA:27,2
DA:32,6
DA:33,1
LF:14
LH:14
BRDA:16,0,0,1
BRDA:16,0,1,2
BRDA:33,1,0,1
BRDA:33,1,1,5
BRF:4
BRH:4
end_of_record
TN:
SF:src\utils\appStore.js
FNF:0
FNH:0
DA:4,1
LF:1
LH:1
BRF:0
BRH:0
end_of_record
